 -------------- Info (2020-05-11 13:23:42.7865) --------------
 
 Call Site: DatabaseW.DataViewModel.Nieruchomosci.NieruchomosciDataService.LoadData
 Exception Type: 
 Exception Message: 
 Stack Trace: 
 Additional Info: Poprawnie za³adowana informacja.

 -------------- Info (2020-05-11 13:32:31.1930) --------------
 
 Call Site: DatabaseW.DataViewModel.Nieruchomosci.NieruchomosciDataService.LoadData
 Exception Type: 
 Exception Message: 
 Stack Trace: 
 Additional Info: Poprawnie za³adowana informacja.

 -------------- Info (2020-05-11 13:35:16.7432) --------------
 
 Call Site: DatabaseW.DataViewModel.Nieruchomosci.NieruchomosciDataService.LoadData
 Exception Type: 
 Exception Message: 
 Stack Trace: 
 Additional Info: Poprawnie za³adowana informacja.

 -------------- Info (2020-05-11 13:38:17.5284) --------------
 
 Call Site: DatabaseW.DataViewModel.Nieruchomosci.NieruchomosciDataService.LoadData
 Exception Type: 
 Exception Message: 
 Stack Trace: 
 Additional Info: Poprawnie za³adowana informacja.

 -------------- Info (2020-05-11 13:40:27.0101) --------------
 
 Call Site: DatabaseW.DataViewModel.Nieruchomosci.NieruchomosciDataService.LoadData
 Exception Type: 
 Exception Message: 
 Stack Trace: 
 Additional Info: Poprawnie za³adowana informacja.

 -------------- Info (2020-05-11 13:43:32.5208) --------------
 
 Call Site: DatabaseW.DataViewModel.Nieruchomosci.NieruchomosciDataService.LoadData
 Exception Type: 
 Exception Message: 
 Stack Trace: 
 Additional Info: Poprawnie za³adowana informacja.

 -------------- Info (2020-05-11 13:46:13.0469) --------------
 
 Call Site: DatabaseW.DataViewModel.Nieruchomosci.NieruchomosciDataService.LoadData
 Exception Type: 
 Exception Message: 
 Stack Trace: 
 Additional Info: Poprawnie za³adowana informacja.

 -------------- Info (2020-05-11 13:46:50.8131) --------------
 
 Call Site: DatabaseW.DataViewModel.Nieruchomosci.NieruchomosciDataService.LoadData
 Exception Type: 
 Exception Message: 
 Stack Trace: 
 Additional Info: Poprawnie za³adowana informacja.

 -------------- Info (2020-05-11 13:54:35.2419) --------------
 
 Call Site: DatabaseW.DataViewModel.Nieruchomosci.NieruchomosciDataService.LoadData
 Exception Type: 
 Exception Message: 
 Stack Trace: 
 Additional Info: Poprawnie za³adowana informacja.

 -------------- Info (2020-05-11 13:56:13.9458) --------------
 
 Call Site: DatabaseW.DataViewModel.Nieruchomosci.NieruchomosciDataService.LoadData
 Exception Type: 
 Exception Message: 
 Stack Trace: 
 Additional Info: Poprawnie za³adowana informacja.

 -------------- Info (2020-05-11 13:57:49.1895) --------------
 
 Call Site: DatabaseW.DataViewModel.Nieruchomosci.NieruchomosciDataService.LoadData
 Exception Type: 
 Exception Message: 
 Stack Trace: 
 Additional Info: Poprawnie za³adowana informacja.

 -------------- Info (2020-05-11 14:06:00.6054) --------------
 
 Call Site: DatabaseW.DataViewModel.Nieruchomosci.NieruchomosciDataService.LoadData
 Exception Type: 
 Exception Message: 
 Stack Trace: 
 Additional Info: Poprawnie za³adowana informacja.

 -------------- Info (2020-05-11 14:07:39.2654) --------------
 
 Call Site: DatabaseW.DataViewModel.Nieruchomosci.NieruchomosciDataService.LoadData
 Exception Type: 
 Exception Message: 
 Stack Trace: 
 Additional Info: Poprawnie za³adowana informacja.

 -------------- Info (2020-05-11 14:11:01.9796) --------------
 
 Call Site: DatabaseW.DataViewModel.Nieruchomosci.NieruchomosciDataService.LoadData
 Exception Type: 
 Exception Message: 
 Stack Trace: 
 Additional Info: Poprawnie za³adowana informacja.

 -------------- Info (2020-05-11 14:13:10.1821) --------------
 
 Call Site: DatabaseW.DataViewModel.Nieruchomosci.NieruchomosciDataService.LoadData
 Exception Type: 
 Exception Message: 
 Stack Trace: 
 Additional Info: Poprawnie za³adowana informacja.

 -------------- Info (2020-05-11 14:17:37.7412) --------------
 
 Call Site: DatabaseW.DataViewModel.Nieruchomosci.NieruchomosciDataService.LoadData
 Exception Type: 
 Exception Message: 
 Stack Trace: 
 Additional Info: Poprawnie za³adowana informacja.

 -------------- Info (2020-05-11 14:20:36.8539) --------------
 
 Call Site: DatabaseW.DataViewModel.Nieruchomosci.NieruchomosciDataService.LoadData
 Exception Type: 
 Exception Message: 
 Stack Trace: 
 Additional Info: Poprawnie za³adowana informacja.

 -------------- Info (2020-05-11 14:21:10.2299) --------------
 
 Call Site: DatabaseW.DataViewModel.Nieruchomosci.NieruchomosciDataService.LoadData
 Exception Type: 
 Exception Message: 
 Stack Trace: 
 Additional Info: Poprawnie za³adowana informacja.

 -------------- Info (2020-05-11 14:23:32.4408) --------------
 
 Call Site: DatabaseW.DataViewModel.Nieruchomosci.NieruchomosciDataService.LoadData
 Exception Type: 
 Exception Message: 
 Stack Trace: 
 Additional Info: Poprawnie za³adowana informacja.

 -------------- Info (2020-05-11 14:28:10.4745) --------------
 
 Call Site: DatabaseW.DataViewModel.Nieruchomosci.NieruchomosciDataService.LoadData
 Exception Type: 
 Exception Message: 
 Stack Trace: 
 Additional Info: Poprawnie za³adowana informacja.

 -------------- Info (2020-05-11 14:32:57.2581) --------------
 
 Call Site: DatabaseW.DataViewModel.Nieruchomosci.NieruchomosciDataService.LoadData
 Exception Type: 
 Exception Message: 
 Stack Trace: 
 Additional Info: Poprawnie za³adowana informacja.

 -------------- Info (2020-05-11 14:34:26.1687) --------------
 
 Call Site: DatabaseW.DataViewModel.Nieruchomosci.NieruchomosciDataService.LoadData
 Exception Type: 
 Exception Message: 
 Stack Trace: 
 Additional Info: Poprawnie za³adowana informacja.

 -------------- Info (2020-05-11 14:40:49.9628) --------------
 
 Call Site: DatabaseW.DataViewModel.Nieruchomosci.NieruchomosciDataService.LoadData
 Exception Type: 
 Exception Message: 
 Stack Trace: 
 Additional Info: Poprawnie za³adowana informacja.

 -------------- Info (2020-05-11 14:42:17.3901) --------------
 
 Call Site: DatabaseW.DataViewModel.Nieruchomosci.NieruchomosciDataService.LoadData
 Exception Type: 
 Exception Message: 
 Stack Trace: 
 Additional Info: Poprawnie za³adowana informacja.

 -------------- Info (2020-05-11 14:44:03.0714) --------------
 
 Call Site: DatabaseW.DataViewModel.Nieruchomosci.NieruchomosciDataService.LoadData
 Exception Type: 
 Exception Message: 
 Stack Trace: 
 Additional Info: Poprawnie za³adowana informacja.

 -------------- Info (2020-05-11 14:47:38.3499) --------------
 
 Call Site: DatabaseW.DataViewModel.Nieruchomosci.NieruchomosciDataService.LoadData
 Exception Type: 
 Exception Message: 
 Stack Trace: 
 Additional Info: Poprawnie za³adowana informacja.

 -------------- Info (2020-05-11 14:48:28.1727) --------------
 
 Call Site: DatabaseW.DataViewModel.Nieruchomosci.NieruchomosciDataService.LoadData
 Exception Type: 
 Exception Message: 
 Stack Trace: 
 Additional Info: Poprawnie za³adowana informacja.

 -------------- Info (2020-05-11 14:49:13.3141) --------------
 
 Call Site: DatabaseW.DataViewModel.Nieruchomosci.NieruchomosciDataService.LoadData
 Exception Type: 
 Exception Message: 
 Stack Trace: 
 Additional Info: Poprawnie za³adowana informacja.

 -------------- Info (2020-05-11 14:52:05.7996) --------------
 
 Call Site: DatabaseW.DataViewModel.Nieruchomosci.NieruchomosciDataService.LoadData
 Exception Type: 
 Exception Message: 
 Stack Trace: 
 Additional Info: Poprawnie za³adowana informacja.

 -------------- Info (2020-05-11 14:52:56.6846) --------------
 
 Call Site: DatabaseW.DataViewModel.Nieruchomosci.NieruchomosciDataService.LoadData
 Exception Type: 
 Exception Message: 
 Stack Trace: 
 Additional Info: Poprawnie za³adowana informacja.

 -------------- Info (2020-05-11 14:53:39.6692) --------------
 
 Call Site: DatabaseW.DataViewModel.Nieruchomosci.NieruchomosciDataService.LoadData
 Exception Type: 
 Exception Message: 
 Stack Trace: 
 Additional Info: Poprawnie za³adowana informacja.

 -------------- Info (2020-05-11 14:54:40.2206) --------------
 
 Call Site: DatabaseW.DataViewModel.Nieruchomosci.NieruchomosciDataService.LoadData
 Exception Type: 
 Exception Message: 
 Stack Trace: 
 Additional Info: Poprawnie za³adowana informacja.

 -------------- Info (2020-05-11 14:55:33.5107) --------------
 
 Call Site: DatabaseW.DataViewModel.Nieruchomosci.NieruchomosciDataService.LoadData
 Exception Type: 
 Exception Message: 
 Stack Trace: 
 Additional Info: Poprawnie za³adowana informacja.

 -------------- Info (2020-05-11 14:56:56.7674) --------------
 
 Call Site: DatabaseW.DataViewModel.Nieruchomosci.NieruchomosciDataService.LoadData
 Exception Type: 
 Exception Message: 
 Stack Trace: 
 Additional Info: Poprawnie za³adowana informacja.

 -------------- Info (2020-05-11 14:59:10.3947) --------------
 
 Call Site: DatabaseW.DataViewModel.Nieruchomosci.NieruchomosciDataService.LoadData
 Exception Type: 
 Exception Message: 
 Stack Trace: 
 Additional Info: Poprawnie za³adowana informacja.

 -------------- Info (2020-05-11 15:06:07.4575) --------------
 
 Call Site: DatabaseW.DataViewModel.Nieruchomosci.NieruchomosciDataService.LoadData
 Exception Type: 
 Exception Message: 
 Stack Trace: 
 Additional Info: Poprawnie za³adowana informacja.

 -------------- Info (2020-05-11 15:06:53.6507) --------------
 
 Call Site: DatabaseW.DataViewModel.Nieruchomosci.NieruchomosciDataService.LoadData
 Exception Type: 
 Exception Message: 
 Stack Trace: 
 Additional Info: Poprawnie za³adowana informacja.

 -------------- Info (2020-05-11 18:26:30.1825) --------------
 
 Call Site: DatabaseW.DataViewModel.Nieruchomosci.NieruchomosciDataService.LoadData
 Exception Type: 
 Exception Message: 
 Stack Trace: 
 Additional Info: Poprawnie za³adowana informacja.

 -------------- Info (2020-05-11 18:29:25.5785) --------------
 
 Call Site: DatabaseW.DataViewModel.Nieruchomosci.NieruchomosciDataService.LoadData
 Exception Type: 
 Exception Message: 
 Stack Trace: 
 Additional Info: Poprawnie za³adowana informacja.

 -------------- Info (2020-05-11 18:34:46.0035) --------------
 
 Call Site: DatabaseW.DataViewModel.Nieruchomosci.NieruchomosciDataService.LoadData
 Exception Type: 
 Exception Message: 
 Stack Trace: 
 Additional Info: Poprawnie za³adowana informacja.

 -------------- Info (2020-05-11 18:35:48.9367) --------------
 
 Call Site: DatabaseW.DataViewModel.Nieruchomosci.NieruchomosciDataService.LoadData
 Exception Type: 
 Exception Message: 
 Stack Trace: 
 Additional Info: Poprawnie za³adowana informacja.

 -------------- Info (2020-05-11 18:43:48.1630) --------------
 
 Call Site: DatabaseW.DataViewModel.Nieruchomosci.NieruchomosciDataService.LoadData
 Exception Type: 
 Exception Message: 
 Stack Trace: 
 Additional Info: Poprawnie za³adowana informacja.

 -------------- Info (2020-05-11 18:45:56.3431) --------------
 
 Call Site: DatabaseW.DataViewModel.Nieruchomosci.NieruchomosciDataService.LoadData
 Exception Type: 
 Exception Message: 
 Stack Trace: 
 Additional Info: Poprawnie za³adowana informacja.

 -------------- Info (2020-05-11 18:47:43.3434) --------------
 
 Call Site: DatabaseW.DataViewModel.Nieruchomosci.NieruchomosciDataService.LoadData
 Exception Type: 
 Exception Message: 
 Stack Trace: 
 Additional Info: Poprawnie za³adowana informacja.

 -------------- Info (2020-05-11 18:48:33.9122) --------------
 
 Call Site: DatabaseW.DataViewModel.Nieruchomosci.NieruchomosciDataService.LoadData
 Exception Type: 
 Exception Message: 
 Stack Trace: 
 Additional Info: Poprawnie za³adowana informacja.

 -------------- Info (2020-05-11 18:52:52.8287) --------------
 
 Call Site: DatabaseW.DataViewModel.Nieruchomosci.NieruchomosciDataService.LoadData
 Exception Type: 
 Exception Message: 
 Stack Trace: 
 Additional Info: Poprawnie za³adowana informacja.

 -------------- Info (2020-05-11 20:53:58.5867) --------------
 
 Call Site: DatabaseW.DataViewModel.Nieruchomosci.NieruchomosciDataService.LoadData
 Exception Type: 
 Exception Message: 
 Stack Trace: 
 Additional Info: Poprawnie za³adowana informacja.

 -------------- Info (2020-05-11 21:00:35.8754) --------------
 
 Call Site: DatabaseW.DataViewModel.Nieruchomosci.NieruchomosciDataService.LoadData
 Exception Type: 
 Exception Message: 
 Stack Trace: 
 Additional Info: Poprawnie za³adowana informacja.

 -------------- Info (2020-05-11 21:02:08.4540) --------------
 
 Call Site: DatabaseW.DataViewModel.Nieruchomosci.NieruchomosciDataService.LoadData
 Exception Type: 
 Exception Message: 
 Stack Trace: 
 Additional Info: Poprawnie za³adowana informacja.

 -------------- Info (2020-05-11 21:05:58.8055) --------------
 
 Call Site: DatabaseW.DataViewModel.Nieruchomosci.NieruchomosciDataService.LoadData
 Exception Type: 
 Exception Message: 
 Stack Trace: 
 Additional Info: Poprawnie za³adowana informacja.

 -------------- Info (2020-05-11 21:19:19.8441) --------------
 
 Call Site: DatabaseW.DataViewModel.Nieruchomosci.NieruchomosciDataService.LoadData
 Exception Type: 
 Exception Message: 
 Stack Trace: 
 Additional Info: Poprawnie za³adowana informacja.

 -------------- Info (2020-05-11 21:21:05.1037) --------------
 
 Call Site: DatabaseW.DataViewModel.Nieruchomosci.NieruchomosciDataService.LoadData
 Exception Type: 
 Exception Message: 
 Stack Trace: 
 Additional Info: Poprawnie za³adowana informacja.

 -------------- Info (2020-05-11 21:29:00.6240) --------------
 
 Call Site: DatabaseW.DataViewModel.Nieruchomosci.NieruchomosciDataService.LoadData
 Exception Type: 
 Exception Message: 
 Stack Trace: 
 Additional Info: Poprawnie za³adowana informacja.

 -------------- Info (2020-05-11 22:02:50.0281) --------------
 
 Call Site: DatabaseW.DataViewModel.Nieruchomosci.NieruchomosciDataService.LoadData
 Exception Type: 
 Exception Message: 
 Stack Trace: 
 Additional Info: Poprawnie za³adowana informacja.

 -------------- Info (2020-05-11 22:06:44.8003) --------------
 
 Call Site: DatabaseW.DataViewModel.Nieruchomosci.NieruchomosciDataService.LoadData
 Exception Type: 
 Exception Message: 
 Stack Trace: 
 Additional Info: Poprawnie za³adowana informacja.

 -------------- Info (2020-05-11 22:08:28.1880) --------------
 
 Call Site: DatabaseW.DataViewModel.Nieruchomosci.NieruchomosciDataService.LoadData
 Exception Type: 
 Exception Message: 
 Stack Trace: 
 Additional Info: Poprawnie za³adowana informacja.

 -------------- Info (2020-05-11 22:10:15.8410) --------------
 
 Call Site: DatabaseW.DataViewModel.Nieruchomosci.NieruchomosciDataService.LoadData
 Exception Type: 
 Exception Message: 
 Stack Trace: 
 Additional Info: Poprawnie za³adowana informacja.

 -------------- Info (2020-05-11 22:11:34.0751) --------------
 
 Call Site: DatabaseW.DataViewModel.Nieruchomosci.NieruchomosciDataService.LoadData
 Exception Type: 
 Exception Message: 
 Stack Trace: 
 Additional Info: Poprawnie za³adowana informacja.

 -------------- Info (2020-05-11 22:13:58.1157) --------------
 
 Call Site: DatabaseW.DataViewModel.Nieruchomosci.NieruchomosciDataService.LoadData
 Exception Type: 
 Exception Message: 
 Stack Trace: 
 Additional Info: Poprawnie za³adowana informacja.

 -------------- Info (2020-05-11 22:16:35.5945) --------------
 
 Call Site: DatabaseW.DataViewModel.Nieruchomosci.NieruchomosciDataService.LoadData
 Exception Type: 
 Exception Message: 
 Stack Trace: 
 Additional Info: Poprawnie za³adowana informacja.

 -------------- Info (2020-05-11 22:24:16.8782) --------------
 
 Call Site: DatabaseW.DataViewModel.Nieruchomosci.NieruchomosciDataService.LoadData
 Exception Type: 
 Exception Message: 
 Stack Trace: 
 Additional Info: Poprawnie za³adowana informacja.

 -------------- Info (2020-05-11 22:27:03.5641) --------------
 
 Call Site: DatabaseW.DataViewModel.Nieruchomosci.NieruchomosciDataService.LoadData
 Exception Type: 
 Exception Message: 
 Stack Trace: 
 Additional Info: Poprawnie za³adowana informacja.

 -------------- Info (2020-05-11 22:31:58.6659) --------------
 
 Call Site: DatabaseW.DataViewModel.Nieruchomosci.NieruchomosciDataService.LoadData
 Exception Type: 
 Exception Message: 
 Stack Trace: 
 Additional Info: Poprawnie za³adowana informacja.

 -------------- Info (2020-05-11 22:33:21.0470) --------------
 
 Call Site: DatabaseW.DataViewModel.Nieruchomosci.NieruchomosciDataService.LoadData
 Exception Type: 
 Exception Message: 
 Stack Trace: 
 Additional Info: Poprawnie za³adowana informacja.

 -------------- Info (2020-05-11 22:34:50.0739) --------------
 
 Call Site: DatabaseW.DataViewModel.Nieruchomosci.NieruchomosciDataService.LoadData
 Exception Type: 
 Exception Message: 
 Stack Trace: 
 Additional Info: Poprawnie za³adowana informacja.

 -------------- Info (2020-05-11 22:35:03.1419) --------------
 
 Call Site: DatabaseW.DataViewModel.Nieruchomosci.NieruchomosciDataService.LoadData
 Exception Type: 
 Exception Message: 
 Stack Trace: 
 Additional Info: Poprawnie za³adowana informacja.

 -------------- Info (2020-05-11 23:05:30.9233) --------------
 
 Call Site: DatabaseW.DataViewModel.Nieruchomosci.NieruchomosciDataService.LoadData
 Exception Type: 
 Exception Message: 
 Stack Trace: 
 Additional Info: Poprawnie za³adowana informacja.

 -------------- Info (2020-05-12 02:03:14.2037) --------------
 
 Call Site: DatabaseW.DataViewModel.Nieruchomosci.NieruchomosciDataService.LoadData
 Exception Type: 
 Exception Message: 
 Stack Trace: 
 Additional Info: Poprawnie za³adowana informacja.

 -------------- Info (2020-05-12 02:07:57.9574) --------------
 
 Call Site: DatabaseW.DataViewModel.Nieruchomosci.NieruchomosciDataService.LoadData
 Exception Type: 
 Exception Message: 
 Stack Trace: 
 Additional Info: Poprawnie za³adowana informacja.

 -------------- Info (2020-05-12 02:12:24.4841) --------------
 
 Call Site: DatabaseW.DataViewModel.Nieruchomosci.NieruchomosciDataService.LoadData
 Exception Type: 
 Exception Message: 
 Stack Trace: 
 Additional Info: Poprawnie za³adowana informacja.

 -------------- Info (2020-05-12 02:17:37.2438) --------------
 
 Call Site: DatabaseW.DataViewModel.Nieruchomosci.NieruchomosciDataService.LoadData
 Exception Type: 
 Exception Message: 
 Stack Trace: 
 Additional Info: Poprawnie za³adowana informacja.

 -------------- Info (2020-05-12 02:25:37.4312) --------------
 
 Call Site: DatabaseW.DataViewModel.Nieruchomosci.NieruchomosciDataService.LoadData
 Exception Type: 
 Exception Message: 
 Stack Trace: 
 Additional Info: Poprawnie za³adowana informacja.

 -------------- Info (2020-05-12 14:33:58.4804) --------------
 
 Call Site: DatabaseW.DataViewModel.Nieruchomosci.NieruchomosciDataService.LoadData
 Exception Type: 
 Exception Message: 
 Stack Trace: 
 Additional Info: Poprawnie za³adowana informacja.

 -------------- Info (2020-05-12 14:36:06.6940) --------------
 
 Call Site: DatabaseW.DataViewModel.Nieruchomosci.NieruchomosciDataService.LoadData
 Exception Type: 
 Exception Message: 
 Stack Trace: 
 Additional Info: Poprawnie za³adowana informacja.

 -------------- Info (2020-05-12 14:38:22.2798) --------------
 
 Call Site: DatabaseW.DataViewModel.Nieruchomosci.NieruchomosciDataService.LoadData
 Exception Type: 
 Exception Message: 
 Stack Trace: 
 Additional Info: Poprawnie za³adowana informacja.

 -------------- Info (2020-05-12 14:40:06.4963) --------------
 
 Call Site: DatabaseW.DataViewModel.Nieruchomosci.NieruchomosciDataService.LoadData
 Exception Type: 
 Exception Message: 
 Stack Trace: 
 Additional Info: Poprawnie za³adowana informacja.

 -------------- Info (2020-05-12 14:40:17.9181) --------------
 
 Call Site: DatabaseW.DataViewModel.Nieruchomosci.NieruchomosciDataService.LoadData
 Exception Type: 
 Exception Message: 
 Stack Trace: 
 Additional Info: Poprawnie za³adowana informacja.

 -------------- Info (2020-05-12 14:42:51.0572) --------------
 
 Call Site: DatabaseW.DataViewModel.Nieruchomosci.NieruchomosciDataService.LoadData
 Exception Type: 
 Exception Message: 
 Stack Trace: 
 Additional Info: Poprawnie za³adowana informacja.

 -------------- Info (2020-05-12 14:43:06.5199) --------------
 
 Call Site: DatabaseW.DataViewModel.Nieruchomosci.NieruchomosciDataService.LoadData
 Exception Type: 
 Exception Message: 
 Stack Trace: 
 Additional Info: Poprawnie za³adowana informacja.

 -------------- Info (2020-05-12 14:43:26.9941) --------------
 
 Call Site: DatabaseW.DataViewModel.Nieruchomosci.NieruchomosciDataService.LoadData
 Exception Type: 
 Exception Message: 
 Stack Trace: 
 Additional Info: Poprawnie za³adowana informacja.

 -------------- Info (2020-05-12 14:43:47.9612) --------------
 
 Call Site: DatabaseW.DataViewModel.Nieruchomosci.NieruchomosciDataService.LoadData
 Exception Type: 
 Exception Message: 
 Stack Trace: 
 Additional Info: Poprawnie za³adowana informacja.

 -------------- Info (2020-05-12 14:43:59.0407) --------------
 
 Call Site: DatabaseW.DataViewModel.Nieruchomosci.NieruchomosciDataService.LoadData
 Exception Type: 
 Exception Message: 
 Stack Trace: 
 Additional Info: Poprawnie za³adowana informacja.

 -------------- Info (2020-05-12 14:44:23.0385) --------------
 
 Call Site: DatabaseW.DataViewModel.Nieruchomosci.NieruchomosciDataService.LoadData
 Exception Type: 
 Exception Message: 
 Stack Trace: 
 Additional Info: Poprawnie za³adowana informacja.

 -------------- Info (2020-05-12 14:45:12.0709) --------------
 
 Call Site: DatabaseW.DataViewModel.Nieruchomosci.NieruchomosciDataService.LoadData
 Exception Type: 
 Exception Message: 
 Stack Trace: 
 Additional Info: Poprawnie za³adowana informacja.

 -------------- Info (2020-05-12 14:45:31.8719) --------------
 
 Call Site: DatabaseW.DataViewModel.Nieruchomosci.NieruchomosciDataService.LoadData
 Exception Type: 
 Exception Message: 
 Stack Trace: 
 Additional Info: Poprawnie za³adowana informacja.

 -------------- Info (2020-05-12 14:45:56.3451) --------------
 
 Call Site: DatabaseW.DataViewModel.Nieruchomosci.NieruchomosciDataService.LoadData
 Exception Type: 
 Exception Message: 
 Stack Trace: 
 Additional Info: Poprawnie za³adowana informacja.

 -------------- Info (2020-05-12 14:46:06.1460) --------------
 
 Call Site: DatabaseW.DataViewModel.Nieruchomosci.NieruchomosciDataService.LoadData
 Exception Type: 
 Exception Message: 
 Stack Trace: 
 Additional Info: Poprawnie za³adowana informacja.

 -------------- Info (2020-05-12 14:46:22.4647) --------------
 
 Call Site: DatabaseW.DataViewModel.Nieruchomosci.NieruchomosciDataService.LoadData
 Exception Type: 
 Exception Message: 
 Stack Trace: 
 Additional Info: Poprawnie za³adowana informacja.

 -------------- Info (2020-05-12 14:48:22.3099) --------------
 
 Call Site: DatabaseW.DataViewModel.Nieruchomosci.NieruchomosciDataService.LoadData
 Exception Type: 
 Exception Message: 
 Stack Trace: 
 Additional Info: Poprawnie za³adowana informacja.

 -------------- Info (2020-05-12 14:48:57.2786) --------------
 
 Call Site: DatabaseW.DataViewModel.Nieruchomosci.NieruchomosciDataService.LoadData
 Exception Type: 
 Exception Message: 
 Stack Trace: 
 Additional Info: Poprawnie za³adowana informacja.

 -------------- Info (2020-05-12 14:49:12.1427) --------------
 
 Call Site: DatabaseW.DataViewModel.Nieruchomosci.NieruchomosciDataService.LoadData
 Exception Type: 
 Exception Message: 
 Stack Trace: 
 Additional Info: Poprawnie za³adowana informacja.

 -------------- Info (2020-05-12 14:51:35.4098) --------------
 
 Call Site: DatabaseW.DataViewModel.Nieruchomosci.NieruchomosciDataService.LoadData
 Exception Type: 
 Exception Message: 
 Stack Trace: 
 Additional Info: Poprawnie za³adowana informacja.

 -------------- Info (2020-05-12 14:55:27.5822) --------------
 
 Call Site: DatabaseW.DataViewModel.Nieruchomosci.NieruchomosciDataService.LoadData
 Exception Type: 
 Exception Message: 
 Stack Trace: 
 Additional Info: Poprawnie za³adowana informacja.

 -------------- Info (2020-05-12 15:03:38.5373) --------------
 
 Call Site: DatabaseW.DataViewModel.Nieruchomosci.NieruchomosciDataService.LoadData
 Exception Type: 
 Exception Message: 
 Stack Trace: 
 Additional Info: Poprawnie za³adowana informacja.

 -------------- Info (2020-05-12 15:03:56.8770) --------------
 
 Call Site: DatabaseW.DataViewModel.Nieruchomosci.NieruchomosciDataService.LoadData
 Exception Type: 
 Exception Message: 
 Stack Trace: 
 Additional Info: Poprawnie za³adowana informacja.

 -------------- Info (2020-05-12 16:36:49.3964) --------------
 
 Call Site: DatabaseW.DataViewModel.Nieruchomosci.NieruchomosciDataService.LoadData
 Exception Type: 
 Exception Message: 
 Stack Trace: 
 Additional Info: Poprawnie za³adowana informacja.

 -------------- Info (2020-05-12 16:46:16.6351) --------------
 
 Call Site: DatabaseW.DataViewModel.Nieruchomosci.NieruchomosciDataService.LoadData
 Exception Type: 
 Exception Message: 
 Stack Trace: 
 Additional Info: Poprawnie za³adowana informacja.

 -------------- Info (2020-05-12 18:04:58.6663) --------------
 
 Call Site: DatabaseW.DataViewModel.Nieruchomosci.NieruchomosciDataService.LoadData
 Exception Type: 
 Exception Message: 
 Stack Trace: 
 Additional Info: Poprawnie za³adowana informacja.

 -------------- Info (2020-05-12 18:08:39.0226) --------------
 
 Call Site: DatabaseW.DataViewModel.Nieruchomosci.NieruchomosciDataService.LoadData
 Exception Type: 
 Exception Message: 
 Stack Trace: 
 Additional Info: Poprawnie za³adowana informacja.

 -------------- Info (2020-05-12 18:10:55.6374) --------------
 
 Call Site: DatabaseW.DataViewModel.Nieruchomosci.NieruchomosciDataService.LoadData
 Exception Type: 
 Exception Message: 
 Stack Trace: 
 Additional Info: Poprawnie za³adowana informacja.

 -------------- Info (2020-05-12 18:11:15.3656) --------------
 
 Call Site: DatabaseW.DataViewModel.Nieruchomosci.NieruchomosciDataService.LoadData
 Exception Type: 
 Exception Message: 
 Stack Trace: 
 Additional Info: Poprawnie za³adowana informacja.

 -------------- Info (2020-05-12 18:12:08.8828) --------------
 
 Call Site: DatabaseW.DataViewModel.Nieruchomosci.NieruchomosciDataService.LoadData
 Exception Type: 
 Exception Message: 
 Stack Trace: 
 Additional Info: Poprawnie za³adowana informacja.

 -------------- Info (2020-05-12 18:14:11.6879) --------------
 
 Call Site: DatabaseW.DataViewModel.Nieruchomosci.NieruchomosciDataService.LoadData
 Exception Type: 
 Exception Message: 
 Stack Trace: 
 Additional Info: Poprawnie za³adowana informacja.

 -------------- Info (2020-05-12 18:14:22.9556) --------------
 
 Call Site: DatabaseW.DataViewModel.Nieruchomosci.NieruchomosciDataService.LoadData
 Exception Type: 
 Exception Message: 
 Stack Trace: 
 Additional Info: Poprawnie za³adowana informacja.

 -------------- Info (2020-05-12 18:34:02.7615) --------------
 
 Call Site: DatabaseW.DataViewModel.Nieruchomosci.NieruchomosciDataService.LoadData
 Exception Type: 
 Exception Message: 
 Stack Trace: 
 Additional Info: Poprawnie za³adowana informacja.

 -------------- Info (2020-05-12 18:34:55.1334) --------------
 
 Call Site: DatabaseW.DataViewModel.Nieruchomosci.NieruchomosciDataService.LoadData
 Exception Type: 
 Exception Message: 
 Stack Trace: 
 Additional Info: Poprawnie za³adowana informacja.

 -------------- Info (2020-05-12 18:35:38.4322) --------------
 
 Call Site: DatabaseW.DataViewModel.Nieruchomosci.NieruchomosciDataService.LoadData
 Exception Type: 
 Exception Message: 
 Stack Trace: 
 Additional Info: Poprawnie za³adowana informacja.

 -------------- Info (2020-05-12 18:36:27.0346) --------------
 
 Call Site: DatabaseW.DataViewModel.Nieruchomosci.NieruchomosciDataService.LoadData
 Exception Type: 
 Exception Message: 
 Stack Trace: 
 Additional Info: Poprawnie za³adowana informacja.

 -------------- Info (2020-05-12 18:36:43.1554) --------------
 
 Call Site: DatabaseW.DataViewModel.Nieruchomosci.NieruchomosciDataService.LoadData
 Exception Type: 
 Exception Message: 
 Stack Trace: 
 Additional Info: Poprawnie za³adowana informacja.

 -------------- Info (2020-05-12 18:40:20.8692) --------------
 
 Call Site: DatabaseW.DataViewModel.Nieruchomosci.NieruchomosciDataService.LoadData
 Exception Type: 
 Exception Message: 
 Stack Trace: 
 Additional Info: Poprawnie za³adowana informacja.

 -------------- Info (2020-05-12 18:41:16.9650) --------------
 
 Call Site: DatabaseW.DataViewModel.Nieruchomosci.NieruchomosciDataService.LoadData
 Exception Type: 
 Exception Message: 
 Stack Trace: 
 Additional Info: Poprawnie za³adowana informacja.

 -------------- Info (2020-05-12 18:41:49.7359) --------------
 
 Call Site: DatabaseW.DataViewModel.Nieruchomosci.NieruchomosciDataService.LoadData
 Exception Type: 
 Exception Message: 
 Stack Trace: 
 Additional Info: Poprawnie za³adowana informacja.

 -------------- Info (2020-05-12 18:43:36.3949) --------------
 
 Call Site: DatabaseW.DataViewModel.Nieruchomosci.NieruchomosciDataService.LoadData
 Exception Type: 
 Exception Message: 
 Stack Trace: 
 Additional Info: Poprawnie za³adowana informacja.

 -------------- Info (2020-05-12 18:43:55.4664) --------------
 
 Call Site: DatabaseW.DataViewModel.Nieruchomosci.NieruchomosciDataService.LoadData
 Exception Type: 
 Exception Message: 
 Stack Trace: 
 Additional Info: Poprawnie za³adowana informacja.

 -------------- Info (2020-05-12 18:49:49.2835) --------------
 
 Call Site: DatabaseW.DataViewModel.Nieruchomosci.NieruchomosciDataService.LoadData
 Exception Type: 
 Exception Message: 
 Stack Trace: 
 Additional Info: Poprawnie za³adowana informacja.

 -------------- Info (2020-05-12 18:58:05.8941) --------------
 
 Call Site: DatabaseW.DataViewModel.Nieruchomosci.NieruchomosciDataService.LoadData
 Exception Type: 
 Exception Message: 
 Stack Trace: 
 Additional Info: Poprawnie za³adowana informacja.

 -------------- Info (2020-05-12 18:59:38.9184) --------------
 
 Call Site: DatabaseW.DataViewModel.Nieruchomosci.NieruchomosciDataService.LoadData
 Exception Type: 
 Exception Message: 
 Stack Trace: 
 Additional Info: Poprawnie za³adowana informacja.

 -------------- Info (2020-05-12 18:59:55.4764) --------------
 
 Call Site: DatabaseW.DataViewModel.Nieruchomosci.NieruchomosciDataService.LoadData
 Exception Type: 
 Exception Message: 
 Stack Trace: 
 Additional Info: Poprawnie za³adowana informacja.

 -------------- Info (2020-05-12 19:09:23.1088) --------------
 
 Call Site: DatabaseW.DataViewModel.Nieruchomosci.NieruchomosciDataService.LoadData
 Exception Type: 
 Exception Message: 
 Stack Trace: 
 Additional Info: Poprawnie za³adowana informacja.

 -------------- Info (2020-05-12 19:09:48.7605) --------------
 
 Call Site: DatabaseW.DataViewModel.Nieruchomosci.NieruchomosciDataService.LoadData
 Exception Type: 
 Exception Message: 
 Stack Trace: 
 Additional Info: Poprawnie za³adowana informacja.

 -------------- Info (2020-05-12 19:09:56.1937) --------------
 
 Call Site: DatabaseW.DataViewModel.Nieruchomosci.NieruchomosciDataService.LoadData
 Exception Type: 
 Exception Message: 
 Stack Trace: 
 Additional Info: Poprawnie za³adowana informacja.

 -------------- Info (2020-05-12 19:12:31.7454) --------------
 
 Call Site: DatabaseW.DataViewModel.Nieruchomosci.NieruchomosciDataService.LoadData
 Exception Type: 
 Exception Message: 
 Stack Trace: 
 Additional Info: Poprawnie za³adowana informacja.

 -------------- Info (2020-05-12 19:12:48.8843) --------------
 
 Call Site: DatabaseW.DataViewModel.Nieruchomosci.NieruchomosciDataService.LoadData
 Exception Type: 
 Exception Message: 
 Stack Trace: 
 Additional Info: Poprawnie za³adowana informacja.

 -------------- Error (2020-05-12 19:13:32.1705) --------------
 
 Call Site: DatabaseW.DataViewModel.Nieruchomosci.NieruchomosciDataService.Remove
 Exception Type: System.Data.Entity.Infrastructure.DbUpdateException
 Exception Message: An error occurred while saving entities that do not expose foreign key properties for their relationships. The EntityEntries property will return null because a single entity cannot be identified as the source of the exception. Handling of exceptions while saving can be made easier by exposing foreign key properties in your entity types. See the InnerException for details.
 Stack Trace:    w System.Data.Entity.Internal.InternalContext.SaveChanges()
   w System.Data.Entity.Internal.LazyInternalContext.SaveChanges()
   w System.Data.Entity.DbContext.SaveChanges()
   w DatabaseW.DataViewModel.Nieruchomosci.NieruchomosciDataService.Remove(Nieruchomosci data) w D:\VisualStudioProject\DatabaseW\DatabaseW\DataViewModel\Nieruchomosci\NieruchomosciDataService.cs:wiersz 96
 Additional Info: Error!

 -------------- Error (2020-05-12 19:13:37.2878) --------------
 
 Call Site: DatabaseW.DataViewModel.Nieruchomosci.NieruchomosciDataService.Remove
 Exception Type: System.Data.Entity.Infrastructure.DbUpdateException
 Exception Message: An error occurred while saving entities that do not expose foreign key properties for their relationships. The EntityEntries property will return null because a single entity cannot be identified as the source of the exception. Handling of exceptions while saving can be made easier by exposing foreign key properties in your entity types. See the InnerException for details.
 Stack Trace:    w System.Data.Entity.Internal.InternalContext.SaveChanges()
   w System.Data.Entity.Internal.LazyInternalContext.SaveChanges()
   w System.Data.Entity.DbContext.SaveChanges()
   w DatabaseW.DataViewModel.Nieruchomosci.NieruchomosciDataService.Remove(Nieruchomosci data) w D:\VisualStudioProject\DatabaseW\DatabaseW\DataViewModel\Nieruchomosci\NieruchomosciDataService.cs:wiersz 96
 Additional Info: Error!

 -------------- Error (2020-05-12 19:13:47.0446) --------------
 
 Call Site: DatabaseW.DataViewModel.Nieruchomosci.NieruchomosciDataService.Update
 Exception Type: System.ArgumentNullException
 Exception Message: Wartoœæ nie mo¿e byæ zerowa.
Nazwa parametru: entity
 Stack Trace:    w System.Data.Entity.Utilities.Check.NotNull[T](T value, String parameterName)
   w System.Data.Entity.DbContext.Entry[TEntity](TEntity entity)
   w DatabaseW.DataViewModel.Nieruchomosci.NieruchomosciDataService.Update(Nieruchomosci data) w D:\VisualStudioProject\DatabaseW\DatabaseW\DataViewModel\Nieruchomosci\NieruchomosciDataService.cs:wiersz 79
 Additional Info: Error!

 -------------- Error (2020-05-12 19:13:58.3307) --------------
 
 Call Site: DatabaseW.DataViewModel.Nieruchomosci.NieruchomosciDataService.Remove
 Exception Type: System.InvalidOperationException
 Exception Message: The object cannot be deleted because it was not found in the ObjectStateManager.
 Stack Trace:    w System.Data.Entity.Core.Objects.ObjectContext.DeleteObject(Object entity, EntitySet expectedEntitySet)
   w System.Data.Entity.Core.Objects.ObjectContext.DeleteObject(Object entity)
   w System.Data.Entity.Internal.Linq.InternalSet`1.Remove(Object entity)
   w System.Data.Entity.DbSet`1.Remove(TEntity entity)
   w DatabaseW.DataViewModel.Nieruchomosci.NieruchomosciDataService.Remove(Nieruchomosci data) w D:\VisualStudioProject\DatabaseW\DatabaseW\DataViewModel\Nieruchomosci\NieruchomosciDataService.cs:wiersz 95
 Additional Info: Error!

 -------------- Info (2020-05-12 19:14:34.0765) --------------
 
 Call Site: DatabaseW.DataViewModel.Nieruchomosci.NieruchomosciDataService.LoadData
 Exception Type: 
 Exception Message: 
 Stack Trace: 
 Additional Info: Poprawnie za³adowana informacja.

 -------------- Info (2020-05-12 19:14:56.0695) --------------
 
 Call Site: DatabaseW.DataViewModel.Nieruchomosci.NieruchomosciDataService.LoadData
 Exception Type: 
 Exception Message: 
 Stack Trace: 
 Additional Info: Poprawnie za³adowana informacja.

 -------------- Info (2020-05-12 19:19:52.8339) --------------
 
 Call Site: DatabaseW.DataViewModel.Nieruchomosci.NieruchomosciDataService.LoadData
 Exception Type: 
 Exception Message: 
 Stack Trace: 
 Additional Info: Poprawnie za³adowana informacja.

 -------------- Info (2020-05-12 19:26:12.8600) --------------
 
 Call Site: DatabaseW.DataViewModel.Nieruchomosci.NieruchomosciDataService.LoadData
 Exception Type: 
 Exception Message: 
 Stack Trace: 
 Additional Info: Poprawnie za³adowana informacja.

